Using pre-set license
Built from '6000.0/staging' branch; Version is '6000.0.26f1 (ccb7c73d2c02) revision 13416391'; Using compiler version '193933523'; Build Type 'Release'
OS: 'Windows 11  (10.0.22631) 64bit Professional' Language: 'en' Physical Memory: 32686 MB
BatchMode: 1, IsHumanControllingUs: 0, StartBugReporterOnCrash: 0, Is64bit: 1, IsPro: 1

COMMAND LINE ARGUMENTS:
C:\Program Files\Unity\Hub\Editor\6000.0.26f1\Editor\Unity.exe
-adb2
-batchMode
-noUpm
-name
AssetImportWorker23
-projectPath
D:/Development/Unity/SourceControlled/ScoreBoarder/WoodbadgeScoreboard
-logFile
Logs/AssetImportWorker23.log
-srvPort
61961
-job-worker-count
15
-background-job-worker-count
8
-asset-garbage-collectors
1
Successfully changed project path to: D:/Development/Unity/SourceControlled/ScoreBoarder/WoodbadgeScoreboard
D:/Development/Unity/SourceControlled/ScoreBoarder/WoodbadgeScoreboard
[UnityMemory] Configuration Parameters - Can be set up in boot.config
    "memorysetup-bucket-allocator-granularity=16"
    "memorysetup-bucket-allocator-bucket-count=8"
    "memorysetup-bucket-allocator-block-size=33554432"
    "memorysetup-bucket-allocator-block-count=8"
    "memorysetup-main-allocator-block-size=16777216"
    "memorysetup-thread-allocator-block-size=16777216"
    "memorysetup-gfx-main-allocator-block-size=16777216"
    "memorysetup-gfx-thread-allocator-block-size=16777216"
    "memorysetup-cache-allocator-block-size=4194304"
    "memorysetup-typetree-allocator-block-size=2097152"
    "memorysetup-profiler-bucket-allocator-granularity=16"
    "memorysetup-profiler-bucket-allocator-bucket-count=8"
    "memorysetup-profiler-bucket-allocator-block-size=33554432"
    "memorysetup-profiler-bucket-allocator-block-count=8"
    "memorysetup-profiler-allocator-block-size=16777216"
    "memorysetup-profiler-editor-allocator-block-size=1048576"
    "memorysetup-temp-allocator-size-main=16777216"
    "memorysetup-job-temp-allocator-block-size=2097152"
    "memorysetup-job-temp-allocator-block-size-background=1048576"
    "memorysetup-job-temp-allocator-reduction-small-platforms=262144"
    "memorysetup-allocator-temp-initial-block-size-main=262144"
    "memorysetup-allocator-temp-initial-block-size-worker=262144"
    "memorysetup-temp-allocator-size-background-worker=32768"
    "memorysetup-temp-allocator-size-job-worker=262144"
    "memorysetup-temp-allocator-size-preload-manager=33554432"
    "memorysetup-temp-allocator-size-nav-mesh-worker=65536"
    "memorysetup-temp-allocator-size-audio-worker=65536"
    "memorysetup-temp-allocator-size-cloud-worker=32768"
    "memorysetup-temp-allocator-size-gi-baking-worker=262144"
    "memorysetup-temp-allocator-size-gi-baking-worker=262144"
    "memorysetup-temp-allocator-size-gi-baking-worker=262144"
    "memorysetup-temp-allocator-size-gi-baking-worker=262144"
    "memorysetup-temp-allocator-size-gi-baking-worker=262144"
    "memorysetup-temp-allocator-size-gfx=262144"
Player connection [44252]  Target information:

Player connection [44252]  * "[IP] 192.168.1.124 [Port] 0 [Flags] 2 [Guid] 671442741 [EditorId] 671442741 [Version] 1048832 [Id] WindowsEditor(7,RyzenPhoenix) [Debug] 1 [PackageName] WindowsEditor [ProjectName] Editor" 

Player connection [44252] Host joined multi-casting on [225.0.0.222:54997]...
Player connection [44252] Host joined alternative multi-casting on [225.0.0.222:34997]...
JobSystem: Creating JobQueue using job-worker-count value 15
[Physics::Module] Initialized fallback backend.
[Physics::Module] Id: 0xdecafbad
Library Redirect Path: Library/
[Physics::Module] Selected backend.
[Physics::Module] Name: PhysX
[Physics::Module] Id: 0xf2b8ea05
[Physics::Module] SDK Version: 4.1.2
[Physics::Module] Integration Version: 1.0.0
[Physics::Module] Threading Mode: Multi-Threaded
Refreshing native plugins compatible for Editor in 1.14 ms, found 3 plugins.
Preloading 0 native plugins for Editor in 0.00 ms.
Initialize engine version: 6000.0.26f1 (ccb7c73d2c02)
[Subsystems] Discovering subsystems at path C:/Program Files/Unity/Hub/Editor/6000.0.26f1/Editor/Data/Resources/UnitySubsystems
[Subsystems] Discovering subsystems at path D:/Development/Unity/SourceControlled/ScoreBoarder/WoodbadgeScoreboard/Assets
GfxDevice: creating device client; kGfxThreadingModeNonThreaded
Direct3D:
    Version:  Direct3D 11.0 [level 11.1]
    Renderer: NVIDIA GeForce RTX 3080 Ti (ID=0x2208)
    Vendor:   NVIDIA
    VRAM:     12086 MB
    Driver:   32.0.15.6603
Initialize mono
Mono path[0] = 'C:/Program Files/Unity/Hub/Editor/6000.0.26f1/Editor/Data/Managed'
Mono path[1] = 'C:/Program Files/Unity/Hub/Editor/6000.0.26f1/Editor/Data/MonoBleedingEdge/lib/mono/unityjit-win32'
Mono config path = 'C:/Program Files/Unity/Hub/Editor/6000.0.26f1/Editor/Data/MonoBleedingEdge/etc'
Using monoOptions --debugger-agent=transport=dt_socket,embedding=1,server=y,suspend=n,address=127.0.0.1:56196
Begin MonoManager ReloadAssembly
Registering precompiled unity dll's ...
Register platform support module: C:/Program Files/Unity/Hub/Editor/6000.0.26f1/Editor/Data/PlaybackEngines/WebGLSupport/UnityEditor.WebGL.Extensions.dll
Register platform support module: C:/Program Files/Unity/Hub/Editor/6000.0.26f1/Editor/Data/PlaybackEngines/WindowsStandaloneSupport/UnityEditor.WindowsStandalone.Extensions.dll
Register platform support module: C:/Program Files/Unity/Hub/Editor/6000.0.26f1/Editor/Data/PlaybackEngines/iOSSupport/UnityEditor.iOS.Extensions.dll
Registered in 0.004845 seconds.
- Loaded All Assemblies, in  0.352 seconds
[usbmuxd] Start listen thread
[usbmuxd] Listen thread started
Native extension for iOS target not found
Native extension for WindowsStandalone target not found
Native extension for WebGL target not found
Mono: successfully reloaded assembly
- Finished resetting the current domain, in  0.327 seconds
Domain Reload Profiling: 676ms
	BeginReloadAssembly (116ms)
		ExecutionOrderSort (0ms)
		DisableScriptedObjects (0ms)
		BackupInstance (0ms)
		ReleaseScriptingObjects (0ms)
		CreateAndSetChildDomain (1ms)
	RebuildCommonClasses (35ms)
	RebuildNativeTypeToScriptingClass (9ms)
	initialDomainReloadingComplete (49ms)
	LoadAllAssembliesAndSetupDomain (141ms)
		LoadAssemblies (114ms)
		RebuildTransferFunctionScriptingTraits (0ms)
		AnalyzeDomain (138ms)
			TypeCache.Refresh (137ms)
				TypeCache.ScanAssembly (125ms)
			BuildScriptInfoCaches (0ms)
			ResolveRequiredComponents (0ms)
	FinalizeReload (327ms)
		ReleaseScriptCaches (0ms)
		RebuildScriptCaches (0ms)
		SetupLoadedEditorAssemblies (293ms)
			LogAssemblyErrors (0ms)
			InitializePlatformSupportModulesInManaged (55ms)
			SetLoadedEditorAssemblies (3ms)
			BeforeProcessingInitializeOnLoad (5ms)
			ProcessInitializeOnLoadAttributes (164ms)
			ProcessInitializeOnLoadMethodAttributes (62ms)
			AfterProcessingInitializeOnLoad (3ms)
			EditorAssembliesLoaded (0ms)
		ExecutionOrderSort2 (0ms)
		AwakeInstancesAfterBackupRestoration (0ms)
========================================================================
Worker process is ready to serve import requests
Import Worker Mode flag is 0x00
Begin MonoManager ReloadAssembly
- Loaded All Assemblies, in  0.854 seconds
Refreshing native plugins compatible for Editor in 0.68 ms, found 3 plugins.
Native extension for iOS target not found
Native extension for WindowsStandalone target not found
Native extension for WebGL target not found
Mono: successfully reloaded assembly
- Finished resetting the current domain, in  0.975 seconds
Domain Reload Profiling: 1827ms
	BeginReloadAssembly (375ms)
		ExecutionOrderSort (0ms)
		DisableScriptedObjects (6ms)
		BackupInstance (0ms)
		ReleaseScriptingObjects (0ms)
		CreateAndSetChildDomain (37ms)
	RebuildCommonClasses (33ms)
	RebuildNativeTypeToScriptingClass (9ms)
	initialDomainReloadingComplete (33ms)
	LoadAllAssembliesAndSetupDomain (402ms)
		LoadAssemblies (277ms)
		RebuildTransferFunctionScriptingTraits (0ms)
		AnalyzeDomain (206ms)
			TypeCache.Refresh (161ms)
				TypeCache.ScanAssembly (149ms)
			BuildScriptInfoCaches (38ms)
			ResolveRequiredComponents (4ms)
	FinalizeReload (975ms)
		ReleaseScriptCaches (0ms)
		RebuildScriptCaches (0ms)
		SetupLoadedEditorAssemblies (668ms)
			LogAssemblyErrors (0ms)
			InitializePlatformSupportModulesInManaged (17ms)
			SetLoadedEditorAssemblies (6ms)
			BeforeProcessingInitializeOnLoad (59ms)
			ProcessInitializeOnLoadAttributes (547ms)
			ProcessInitializeOnLoadMethodAttributes (31ms)
			AfterProcessingInitializeOnLoad (7ms)
			EditorAssembliesLoaded (0ms)
		ExecutionOrderSort2 (0ms)
		AwakeInstancesAfterBackupRestoration (5ms)
Launched and connected shader compiler UnityShaderCompiler.exe after 0.03 seconds
Refreshing native plugins compatible for Editor in 1.73 ms, found 3 plugins.
Preloading 0 native plugins for Editor in 0.00 ms.
Unloading 38 Unused Serialized files (Serialized files now loaded: 0)
Unloading 3778 unused Assets / (1.1 MB). Loaded Objects now: 4401.
Memory consumption went from 128.6 MB to 127.5 MB.
Total: 11.429100 ms (FindLiveObjects: 0.643800 ms CreateObjectMapping: 0.581300 ms MarkObjects: 8.159200 ms  DeleteObjects: 2.043900 ms)

========================================================================
Received Import Request.
  Time since last request: 410768.912488 seconds.
  path: Assets/Hovl Studio/HSFiles/Materials/Impact2bcg.mat
  artifactKey: Guid(a30581ba5acb9684a9c1fef995e94449) Importer(815301076,1909f56bfc062723c751e8b465ee728b)
Start importing Assets/Hovl Studio/HSFiles/Materials/Impact2bcg.mat using Guid(a30581ba5acb9684a9c1fef995e94449) Importer(815301076,1909f56bfc062723c751e8b465ee728b) (PreviewImporter) -> (artifact id: '8075d8ee4c5acdf17d97d662830e4f6d') in 0.1216027 seconds
Number of updated asset objects reloaded before import = 0Number of asset objects unloaded after import = 2

========================================================================
Received Import Request.
  Time since last request: 0.000031 seconds.
  path: Assets/Epic Toon FX/Materials/Misc/Hearts/heart2_AB.mat
  artifactKey: Guid(4e47fdfe66dd2a046986da0de1ef7495) Importer(815301076,1909f56bfc062723c751e8b465ee728b)
Start importing Assets/Epic Toon FX/Materials/Misc/Hearts/heart2_AB.mat using Guid(4e47fdfe66dd2a046986da0de1ef7495) Importer(815301076,1909f56bfc062723c751e8b465ee728b) (PreviewImporter) -> (artifact id: '4f55828e925451260c2c4bb03404034e') in 0.0228294 seconds
Number of updated asset objects reloaded before import = 0Number of asset objects unloaded after import = 2

========================================================================
Received Import Request.
  Time since last request: 0.170055 seconds.
  path: Assets/Epic Toon FX/Materials/Misc/Unsorted/fruitslices.mat
  artifactKey: Guid(dc397aef9b81e7646a062fd0f570fcec) Importer(815301076,1909f56bfc062723c751e8b465ee728b)
Start importing Assets/Epic Toon FX/Materials/Misc/Unsorted/fruitslices.mat using Guid(dc397aef9b81e7646a062fd0f570fcec) Importer(815301076,1909f56bfc062723c751e8b465ee728b) (PreviewImporter) -> (artifact id: '4d939270e6326fce478569aca971657a') in 0.0538091 seconds
Number of updated asset objects reloaded before import = 0Number of asset objects unloaded after import = 2

========================================================================
Received Import Request.
  Time since last request: 0.000019 seconds.
  path: Assets/TextMesh Pro/Examples & Extras/Fonts/Oswald-Bold.ttf
  artifactKey: Guid(c9f6d0e7bc8541498c9a4799ba184ede) Importer(815301076,1909f56bfc062723c751e8b465ee728b)
Start importing Assets/TextMesh Pro/Examples & Extras/Fonts/Oswald-Bold.ttf using Guid(c9f6d0e7bc8541498c9a4799ba184ede) Importer(815301076,1909f56bfc062723c751e8b465ee728b) (PreviewImporter) -> (artifact id: '7c4c001939e0d41d152aecb0ccd0ee0d') in 0.0566671 seconds
Number of updated asset objects reloaded before import = 0Number of asset objects unloaded after import = 4

========================================================================
Received Import Request.
  Time since last request: 0.000029 seconds.
  path: Assets/Epic Toon FX/Materials/Misc/Fire/fire_3x6_ADD.mat
  artifactKey: Guid(bb2dd1abd6ac09b45a5db1e4ca1233de) Importer(815301076,1909f56bfc062723c751e8b465ee728b)
Start importing Assets/Epic Toon FX/Materials/Misc/Fire/fire_3x6_ADD.mat using Guid(bb2dd1abd6ac09b45a5db1e4ca1233de) Importer(815301076,1909f56bfc062723c751e8b465ee728b) (PreviewImporter) -> (artifact id: 'dfdc41ed139304c51b7c32e84edd58df') in 0.0243842 seconds
Number of updated asset objects reloaded before import = 0Number of asset objects unloaded after import = 2

========================================================================
Received Import Request.
  Time since last request: 0.210634 seconds.
  path: Assets/Epic Toon FX/Materials/Misc/Unsorted/evil_spirit3_ADD.mat
  artifactKey: Guid(6e1acc8ef6e21cc48a05085a72379ff1) Importer(815301076,1909f56bfc062723c751e8b465ee728b)
Start importing Assets/Epic Toon FX/Materials/Misc/Unsorted/evil_spirit3_ADD.mat using Guid(6e1acc8ef6e21cc48a05085a72379ff1) Importer(815301076,1909f56bfc062723c751e8b465ee728b) (PreviewImporter) -> (artifact id: 'c7eb1a6591a5f0ebd0ca6b4f613202f9') in 0.0096834 seconds
Number of updated asset objects reloaded before import = 0Number of asset objects unloaded after import = 2

========================================================================
Received Import Request.
  Time since last request: 0.018184 seconds.
  path: Assets/Epic Toon FX/Materials/Misc/Emojis/em_thumbsdown.mat
  artifactKey: Guid(7af21db0aa9c1f845afee3785e827288) Importer(815301076,1909f56bfc062723c751e8b465ee728b)
Start importing Assets/Epic Toon FX/Materials/Misc/Emojis/em_thumbsdown.mat using Guid(7af21db0aa9c1f845afee3785e827288) Importer(815301076,1909f56bfc062723c751e8b465ee728b) (PreviewImporter) -> (artifact id: 'e95fd078606d5a2b26c07ee6d7e21ae7') in 0.0149826 seconds
Number of updated asset objects reloaded before import = 0Number of asset objects unloaded after import = 2

========================================================================
Received Import Request.
  Time since last request: 0.005971 seconds.
  path: Assets/Epic Toon FX/Materials/Misc/Emojis/em_sick2.mat
  artifactKey: Guid(c3852ab5b2fac3745a6d45d2267acddf) Importer(815301076,1909f56bfc062723c751e8b465ee728b)
Start importing Assets/Epic Toon FX/Materials/Misc/Emojis/em_sick2.mat using Guid(c3852ab5b2fac3745a6d45d2267acddf) Importer(815301076,1909f56bfc062723c751e8b465ee728b) (PreviewImporter) -> (artifact id: 'db1ad08d30b3dde6de5bf7bcd04ffac3') in 0.016174 seconds
Number of updated asset objects reloaded before import = 0Number of asset objects unloaded after import = 2

========================================================================
Received Import Request.
  Time since last request: 0.335119 seconds.
  path: Assets/Epic Toon FX/Materials/Misc/Emojis/em_poop.mat
  artifactKey: Guid(e7c9e73060532ea46ae00e3478492deb) Importer(815301076,1909f56bfc062723c751e8b465ee728b)
Start importing Assets/Epic Toon FX/Materials/Misc/Emojis/em_poop.mat using Guid(e7c9e73060532ea46ae00e3478492deb) Importer(815301076,1909f56bfc062723c751e8b465ee728b) (PreviewImporter) -> (artifact id: '19a3cbfc4f132b157fe8d0c9f83bc698') in 0.0168776 seconds
Number of updated asset objects reloaded before import = 0Number of asset objects unloaded after import = 2

========================================================================
Received Import Request.
  Time since last request: 0.000016 seconds.
  path: Assets/Epic Toon FX/Materials/Misc/Emojis/em_laughcry.mat
  artifactKey: Guid(3ea8b0958f06f774e910686b5086845f) Importer(815301076,1909f56bfc062723c751e8b465ee728b)
Start importing Assets/Epic Toon FX/Materials/Misc/Emojis/em_laughcry.mat using Guid(3ea8b0958f06f774e910686b5086845f) Importer(815301076,1909f56bfc062723c751e8b465ee728b) (PreviewImporter) -> (artifact id: '809c5b35ece55d74b6ae03099c32337b') in 0.0149067 seconds
Number of updated asset objects reloaded before import = 0Number of asset objects unloaded after import = 2

========================================================================
Received Import Request.
  Time since last request: 0.028348 seconds.
  path: Assets/Epic Toon FX/Materials/Misc/Emojis/em_derp.mat
  artifactKey: Guid(0fea7a5553d00b945b113c03442ad011) Importer(815301076,1909f56bfc062723c751e8b465ee728b)
Start importing Assets/Epic Toon FX/Materials/Misc/Emojis/em_derp.mat using Guid(0fea7a5553d00b945b113c03442ad011) Importer(815301076,1909f56bfc062723c751e8b465ee728b) (PreviewImporter) -> (artifact id: '8d5378746416110deb700c94672a42bc') in 0.0119054 seconds
Number of updated asset objects reloaded before import = 0Number of asset objects unloaded after import = 2

========================================================================
Received Import Request.
  Time since last request: 0.000017 seconds.
  path: Assets/Epic Toon FX/Materials/Misc/Emojis/em_cry.mat
  artifactKey: Guid(c98e44ac41ae3d541863cc2a3dc1596b) Importer(815301076,1909f56bfc062723c751e8b465ee728b)
Start importing Assets/Epic Toon FX/Materials/Misc/Emojis/em_cry.mat using Guid(c98e44ac41ae3d541863cc2a3dc1596b) Importer(815301076,1909f56bfc062723c751e8b465ee728b) (PreviewImporter) -> (artifact id: 'c6ae440e59afa895ddfdb2694c8b6ef0') in 0.0115674 seconds
Number of updated asset objects reloaded before import = 0Number of asset objects unloaded after import = 2

========================================================================
Received Import Request.
  Time since last request: 0.269045 seconds.
  path: Assets/Epic Toon FX/Materials/Misc/Emojis/em_angryscream.mat
  artifactKey: Guid(28e09f053abd61846886b1647ea4a547) Importer(815301076,1909f56bfc062723c751e8b465ee728b)
Start importing Assets/Epic Toon FX/Materials/Misc/Emojis/em_angryscream.mat using Guid(28e09f053abd61846886b1647ea4a547) Importer(815301076,1909f56bfc062723c751e8b465ee728b) (PreviewImporter) -> (artifact id: '8935bbb54eff2a38717eeb4e22486577') in 0.0107151 seconds
Number of updated asset objects reloaded before import = 0Number of asset objects unloaded after import = 2

========================================================================
Received Import Request.
  Time since last request: 0.019282 seconds.
  path: Assets/Epic Toon FX/Demo/Materials/dev_small.mat
  artifactKey: Guid(f4cd3578e21421c498c0e983cab2e02d) Importer(815301076,1909f56bfc062723c751e8b465ee728b)
Start importing Assets/Epic Toon FX/Demo/Materials/dev_small.mat using Guid(f4cd3578e21421c498c0e983cab2e02d) Importer(815301076,1909f56bfc062723c751e8b465ee728b) (PreviewImporter) -> (artifact id: '2a0ce8ce52c905d4fa67225d0a12b7b5') in 0.0123174 seconds
Number of updated asset objects reloaded before import = 0Number of asset objects unloaded after import = 2

========================================================================
Received Import Request.
  Time since last request: 0.000021 seconds.
  path: Assets/Epic Toon FX/Demo/Materials/dev_half.mat
  artifactKey: Guid(71ad8ec8c8649bc47bb009bf8f6acd38) Importer(815301076,1909f56bfc062723c751e8b465ee728b)
Start importing Assets/Epic Toon FX/Demo/Materials/dev_half.mat using Guid(71ad8ec8c8649bc47bb009bf8f6acd38) Importer(815301076,1909f56bfc062723c751e8b465ee728b) (PreviewImporter) -> (artifact id: '13ca38c1740d7364a94f99363c04289c') in 0.0383294 seconds
Number of updated asset objects reloaded before import = 0Number of asset objects unloaded after import = 2

========================================================================
Received Import Request.
  Time since last request: 0.294388 seconds.
  path: Assets/Beautify/Resources/Shaders/CopyDepthMat.mat
  artifactKey: Guid(bbf937d18bf2a49c5809919ac78b0037) Importer(815301076,1909f56bfc062723c751e8b465ee728b)
Start importing Assets/Beautify/Resources/Shaders/CopyDepthMat.mat using Guid(bbf937d18bf2a49c5809919ac78b0037) Importer(815301076,1909f56bfc062723c751e8b465ee728b) (PreviewImporter) -> (artifact id: 'a578504af916ca10cfd884c4586920e2') in 0.0106588 seconds
Number of updated asset objects reloaded before import = 0Number of asset objects unloaded after import = 1

========================================================================
Received Import Request.
  Time since last request: 0.932990 seconds.
  path: Assets/TextMesh Pro/Examples & Extras/Resources/Fonts & Materials/Anton SDF.asset
  artifactKey: Guid(8a89fa14b10d46a99122fd4f73fca9a2) Importer(815301076,1909f56bfc062723c751e8b465ee728b)
Start importing Assets/TextMesh Pro/Examples & Extras/Resources/Fonts & Materials/Anton SDF.asset using Guid(8a89fa14b10d46a99122fd4f73fca9a2) Importer(815301076,1909f56bfc062723c751e8b465ee728b) (PreviewImporter) -> (artifact id: 'b2ea42da4aab90f16f082906983d7886') in 0.0444733 seconds
Number of updated asset objects reloaded before import = 0Number of asset objects unloaded after import = 6

========================================================================
Received Import Request.
  Time since last request: 7.221185 seconds.
  path: Assets/Epic Toon FX/Materials/Misc/Powerups/PreColored/pwr_sym_pc_fire2_AB.mat
  artifactKey: Guid(b3c32f9c111863c43b49bd0a5edf7eff) Importer(815301076,1909f56bfc062723c751e8b465ee728b)
Start importing Assets/Epic Toon FX/Materials/Misc/Powerups/PreColored/pwr_sym_pc_fire2_AB.mat using Guid(b3c32f9c111863c43b49bd0a5edf7eff) Importer(815301076,1909f56bfc062723c751e8b465ee728b) (PreviewImporter) -> (artifact id: '8054a3269131a40b072e6fb278e7807e') in 0.0211712 seconds
Number of updated asset objects reloaded before import = 0Number of asset objects unloaded after import = 2

========================================================================
Received Import Request.
  Time since last request: 0.000017 seconds.
  path: Assets/Epic Toon FX/Materials/Misc/Powerups/PreColored/pwr_sym_pc_skull_AB.mat
  artifactKey: Guid(d06bb64310d63d446bf08366fc23a950) Importer(815301076,1909f56bfc062723c751e8b465ee728b)
Start importing Assets/Epic Toon FX/Materials/Misc/Powerups/PreColored/pwr_sym_pc_skull_AB.mat using Guid(d06bb64310d63d446bf08366fc23a950) Importer(815301076,1909f56bfc062723c751e8b465ee728b) (PreviewImporter) -> (artifact id: '59735eef9fdd2f9c3dd05c30273fe08d') in 0.0554209 seconds
Number of updated asset objects reloaded before import = 0Number of asset objects unloaded after import = 2

========================================================================
Received Import Request.
  Time since last request: 0.000021 seconds.
  path: Assets/Epic Toon FX/Materials/Misc/Powerups/PreColored/pwr_sym_pc_shield_AB.mat
  artifactKey: Guid(7efda3d2c53cfe741bbeb5007dd45298) Importer(815301076,1909f56bfc062723c751e8b465ee728b)
Start importing Assets/Epic Toon FX/Materials/Misc/Powerups/PreColored/pwr_sym_pc_shield_AB.mat using Guid(7efda3d2c53cfe741bbeb5007dd45298) Importer(815301076,1909f56bfc062723c751e8b465ee728b) (PreviewImporter) -> (artifact id: '3137b92fe2d620eca0e4ddcdab9ebfd9') in 0.031509 seconds
Number of updated asset objects reloaded before import = 0Number of asset objects unloaded after import = 2

========================================================================
Received Import Request.
  Time since last request: 0.000015 seconds.
  path: Assets/Epic Toon FX/Materials/Misc/Magic/shield_magic_ADD.mat
  artifactKey: Guid(139f4c1696c68e54390a5ad669273cab) Importer(815301076,1909f56bfc062723c751e8b465ee728b)
Start importing Assets/Epic Toon FX/Materials/Misc/Magic/shield_magic_ADD.mat using Guid(139f4c1696c68e54390a5ad669273cab) Importer(815301076,1909f56bfc062723c751e8b465ee728b) (PreviewImporter) -> (artifact id: '50b20d39ed230e8f8dc91ce16e2df9e4') in 0.0488126 seconds
Number of updated asset objects reloaded before import = 0Number of asset objects unloaded after import = 2

========================================================================
Received Import Request.
  Time since last request: 0.000013 seconds.
  path: Assets/Epic Toon FX/Materials/Misc/Text/sharp_blue.mat
  artifactKey: Guid(666a9773a2ea0cc4c9d0c65884f33431) Importer(815301076,1909f56bfc062723c751e8b465ee728b)
Start importing Assets/Epic Toon FX/Materials/Misc/Text/sharp_blue.mat using Guid(666a9773a2ea0cc4c9d0c65884f33431) Importer(815301076,1909f56bfc062723c751e8b465ee728b) (PreviewImporter) -> (artifact id: 'd2091290c96a54215f98eaaf5d27a68a') in 0.0156354 seconds
Number of updated asset objects reloaded before import = 0Number of asset objects unloaded after import = 2

========================================================================
Received Import Request.
  Time since last request: 0.000016 seconds.
  path: Assets/Epic Toon FX/Materials/Misc/Powerups/PreColored/pwr_sym_pc_spikybomb_AB.mat
  artifactKey: Guid(784712f3ac5479c4cada72f18bf4d8ec) Importer(815301076,1909f56bfc062723c751e8b465ee728b)
Start importing Assets/Epic Toon FX/Materials/Misc/Powerups/PreColored/pwr_sym_pc_spikybomb_AB.mat using Guid(784712f3ac5479c4cada72f18bf4d8ec) Importer(815301076,1909f56bfc062723c751e8b465ee728b) (PreviewImporter) -> (artifact id: '97ef60537777aebede90fea4436a03be') in 0.0109403 seconds
Number of updated asset objects reloaded before import = 0Number of asset objects unloaded after import = 2

========================================================================
Received Import Request.
  Time since last request: 0.048233 seconds.
  path: Assets/Epic Toon FX/Materials/Misc/Sword/slash03_AB.mat
  artifactKey: Guid(6e95095aaaabd654b99cc226c305f807) Importer(815301076,1909f56bfc062723c751e8b465ee728b)
Start importing Assets/Epic Toon FX/Materials/Misc/Sword/slash03_AB.mat using Guid(6e95095aaaabd654b99cc226c305f807) Importer(815301076,1909f56bfc062723c751e8b465ee728b) (PreviewImporter) -> (artifact id: 'dc0ec7307151d240605eebe2eaa2cda6') in 0.0155004 seconds
Number of updated asset objects reloaded before import = 0Number of asset objects unloaded after import = 2

========================================================================
Received Import Request.
  Time since last request: 49.813652 seconds.
  path: Assets/Epic Toon FX/Demo/Textures/2D Sprites/tile_grass2.png
  artifactKey: Guid(1f0887b1c7aa06442b3dde5a7f426442) Importer(815301076,1909f56bfc062723c751e8b465ee728b)
Start importing Assets/Epic Toon FX/Demo/Textures/2D Sprites/tile_grass2.png using Guid(1f0887b1c7aa06442b3dde5a7f426442) Importer(815301076,1909f56bfc062723c751e8b465ee728b) (PreviewImporter) -> (artifact id: 'cd9eed84d2ef763850417ae15d088387') in 0.0212701 seconds
Number of updated asset objects reloaded before import = 0Number of asset objects unloaded after import = 3

Editor requested this worker to shutdown with reason: Scaling down because of idle timeout
AssetImportWorker is now disconnected from the server
Process exiting
Exiting without the bug reporter. Application will terminate with return code 0