Using pre-set license
Built from '6000.0/staging' branch; Version is '6000.0.26f1 (ccb7c73d2c02) revision 13416391'; Using compiler version '193933523'; Build Type 'Release'
OS: 'Windows 11  (10.0.22631) 64bit Professional' Language: 'en' Physical Memory: 32686 MB
BatchMode: 1, IsHumanControllingUs: 0, StartBugReporterOnCrash: 0, Is64bit: 1, IsPro: 1

COMMAND LINE ARGUMENTS:
C:\Program Files\Unity\Hub\Editor\6000.0.26f1\Editor\Unity.exe
-adb2
-batchMode
-noUpm
-name
AssetImportWorker27
-projectPath
D:/Development/Unity/SourceControlled/ScoreBoarder/WoodbadgeScoreboard
-logFile
Logs/AssetImportWorker27.log
-srvPort
61961
-job-worker-count
15
-background-job-worker-count
8
-asset-garbage-collectors
1
Successfully changed project path to: D:/Development/Unity/SourceControlled/ScoreBoarder/WoodbadgeScoreboard
D:/Development/Unity/SourceControlled/ScoreBoarder/WoodbadgeScoreboard
[UnityMemory] Configuration Parameters - Can be set up in boot.config
    "memorysetup-bucket-allocator-granularity=16"
    "memorysetup-bucket-allocator-bucket-count=8"
    "memorysetup-bucket-allocator-block-size=33554432"
    "memorysetup-bucket-allocator-block-count=8"
    "memorysetup-main-allocator-block-size=16777216"
    "memorysetup-thread-allocator-block-size=16777216"
    "memorysetup-gfx-main-allocator-block-size=16777216"
    "memorysetup-gfx-thread-allocator-block-size=16777216"
    "memorysetup-cache-allocator-block-size=4194304"
    "memorysetup-typetree-allocator-block-size=2097152"
    "memorysetup-profiler-bucket-allocator-granularity=16"
    "memorysetup-profiler-bucket-allocator-bucket-count=8"
    "memorysetup-profiler-bucket-allocator-block-size=33554432"
    "memorysetup-profiler-bucket-allocator-block-count=8"
    "memorysetup-profiler-allocator-block-size=16777216"
    "memorysetup-profiler-editor-allocator-block-size=1048576"
    "memorysetup-temp-allocator-size-main=16777216"
    "memorysetup-job-temp-allocator-block-size=2097152"
    "memorysetup-job-temp-allocator-block-size-background=1048576"
    "memorysetup-job-temp-allocator-reduction-small-platforms=262144"
    "memorysetup-allocator-temp-initial-block-size-main=262144"
    "memorysetup-allocator-temp-initial-block-size-worker=262144"
    "memorysetup-temp-allocator-size-background-worker=32768"
    "memorysetup-temp-allocator-size-job-worker=262144"
    "memorysetup-temp-allocator-size-preload-manager=33554432"
    "memorysetup-temp-allocator-size-nav-mesh-worker=65536"
    "memorysetup-temp-allocator-size-audio-worker=65536"
    "memorysetup-temp-allocator-size-cloud-worker=32768"
    "memorysetup-temp-allocator-size-gi-baking-worker=262144"
    "memorysetup-temp-allocator-size-gi-baking-worker=262144"
    "memorysetup-temp-allocator-size-gi-baking-worker=262144"
    "memorysetup-temp-allocator-size-gi-baking-worker=262144"
    "memorysetup-temp-allocator-size-gi-baking-worker=262144"
    "memorysetup-temp-allocator-size-gfx=262144"
Player connection [39560]  Target information:

Player connection [39560]  * "[IP] 192.168.1.124 [Port] 0 [Flags] 2 [Guid] 751979942 [EditorId] 751979942 [Version] 1048832 [Id] WindowsEditor(7,RyzenPhoenix) [Debug] 1 [PackageName] WindowsEditor [ProjectName] Editor" 

Player connection [39560] Host joined multi-casting on [225.0.0.222:54997]...
Player connection [39560] Host joined alternative multi-casting on [225.0.0.222:34997]...
JobSystem: Creating JobQueue using job-worker-count value 15
[Physics::Module] Initialized fallback backend.
[Physics::Module] Id: 0xdecafbad
Library Redirect Path: Library/
[Physics::Module] Selected backend.
[Physics::Module] Name: PhysX
[Physics::Module] Id: 0xf2b8ea05
[Physics::Module] SDK Version: 4.1.2
[Physics::Module] Integration Version: 1.0.0
[Physics::Module] Threading Mode: Multi-Threaded
Refreshing native plugins compatible for Editor in 1.05 ms, found 3 plugins.
Preloading 0 native plugins for Editor in 0.00 ms.
Initialize engine version: 6000.0.26f1 (ccb7c73d2c02)
[Subsystems] Discovering subsystems at path C:/Program Files/Unity/Hub/Editor/6000.0.26f1/Editor/Data/Resources/UnitySubsystems
[Subsystems] Discovering subsystems at path D:/Development/Unity/SourceControlled/ScoreBoarder/WoodbadgeScoreboard/Assets
GfxDevice: creating device client; kGfxThreadingModeNonThreaded
Direct3D:
    Version:  Direct3D 11.0 [level 11.1]
    Renderer: NVIDIA GeForce RTX 3080 Ti (ID=0x2208)
    Vendor:   NVIDIA
    VRAM:     12086 MB
    Driver:   32.0.15.6603
Initialize mono
Mono path[0] = 'C:/Program Files/Unity/Hub/Editor/6000.0.26f1/Editor/Data/Managed'
Mono path[1] = 'C:/Program Files/Unity/Hub/Editor/6000.0.26f1/Editor/Data/MonoBleedingEdge/lib/mono/unityjit-win32'
Mono config path = 'C:/Program Files/Unity/Hub/Editor/6000.0.26f1/Editor/Data/MonoBleedingEdge/etc'
Using monoOptions --debugger-agent=transport=dt_socket,embedding=1,server=y,suspend=n,address=127.0.0.1:56972
Begin MonoManager ReloadAssembly
Registering precompiled unity dll's ...
Register platform support module: C:/Program Files/Unity/Hub/Editor/6000.0.26f1/Editor/Data/PlaybackEngines/WebGLSupport/UnityEditor.WebGL.Extensions.dll
Register platform support module: C:/Program Files/Unity/Hub/Editor/6000.0.26f1/Editor/Data/PlaybackEngines/WindowsStandaloneSupport/UnityEditor.WindowsStandalone.Extensions.dll
Register platform support module: C:/Program Files/Unity/Hub/Editor/6000.0.26f1/Editor/Data/PlaybackEngines/iOSSupport/UnityEditor.iOS.Extensions.dll
Registered in 0.003899 seconds.
- Loaded All Assemblies, in  0.325 seconds
[usbmuxd] Start listen thread
[usbmuxd] Listen thread started
Native extension for iOS target not found
Native extension for WindowsStandalone target not found
Native extension for WebGL target not found
Mono: successfully reloaded assembly
- Finished resetting the current domain, in  0.330 seconds
Domain Reload Profiling: 653ms
	BeginReloadAssembly (111ms)
		ExecutionOrderSort (0ms)
		DisableScriptedObjects (0ms)
		BackupInstance (0ms)
		ReleaseScriptingObjects (0ms)
		CreateAndSetChildDomain (1ms)
	RebuildCommonClasses (31ms)
	RebuildNativeTypeToScriptingClass (10ms)
	initialDomainReloadingComplete (45ms)
	LoadAllAssembliesAndSetupDomain (126ms)
		LoadAssemblies (108ms)
		RebuildTransferFunctionScriptingTraits (0ms)
		AnalyzeDomain (123ms)
			TypeCache.Refresh (122ms)
				TypeCache.ScanAssembly (111ms)
			BuildScriptInfoCaches (0ms)
			ResolveRequiredComponents (0ms)
	FinalizeReload (330ms)
		ReleaseScriptCaches (0ms)
		RebuildScriptCaches (0ms)
		SetupLoadedEditorAssemblies (292ms)
			LogAssemblyErrors (0ms)
			InitializePlatformSupportModulesInManaged (53ms)
			SetLoadedEditorAssemblies (3ms)
			BeforeProcessingInitializeOnLoad (6ms)
			ProcessInitializeOnLoadAttributes (162ms)
			ProcessInitializeOnLoadMethodAttributes (64ms)
			AfterProcessingInitializeOnLoad (4ms)
			EditorAssembliesLoaded (0ms)
		ExecutionOrderSort2 (0ms)
		AwakeInstancesAfterBackupRestoration (0ms)
========================================================================
Worker process is ready to serve import requests
Import Worker Mode flag is 0x00
Begin MonoManager ReloadAssembly
- Loaded All Assemblies, in  0.865 seconds
Refreshing native plugins compatible for Editor in 0.63 ms, found 3 plugins.
Native extension for iOS target not found
Native extension for WindowsStandalone target not found
Native extension for WebGL target not found
Mono: successfully reloaded assembly
- Finished resetting the current domain, in  0.936 seconds
Domain Reload Profiling: 1798ms
	BeginReloadAssembly (370ms)
		ExecutionOrderSort (0ms)
		DisableScriptedObjects (5ms)
		BackupInstance (0ms)
		ReleaseScriptingObjects (0ms)
		CreateAndSetChildDomain (36ms)
	RebuildCommonClasses (30ms)
	RebuildNativeTypeToScriptingClass (10ms)
	initialDomainReloadingComplete (34ms)
	LoadAllAssembliesAndSetupDomain (417ms)
		LoadAssemblies (282ms)
		RebuildTransferFunctionScriptingTraits (0ms)
		AnalyzeDomain (224ms)
			TypeCache.Refresh (172ms)
				TypeCache.ScanAssembly (155ms)
			BuildScriptInfoCaches (45ms)
			ResolveRequiredComponents (4ms)
	FinalizeReload (937ms)
		ReleaseScriptCaches (0ms)
		RebuildScriptCaches (0ms)
		SetupLoadedEditorAssemblies (679ms)
			LogAssemblyErrors (0ms)
			InitializePlatformSupportModulesInManaged (18ms)
			SetLoadedEditorAssemblies (5ms)
			BeforeProcessingInitializeOnLoad (55ms)
			ProcessInitializeOnLoadAttributes (548ms)
			ProcessInitializeOnLoadMethodAttributes (36ms)
			AfterProcessingInitializeOnLoad (16ms)
			EditorAssembliesLoaded (0ms)
		ExecutionOrderSort2 (0ms)
		AwakeInstancesAfterBackupRestoration (8ms)
Launched and connected shader compiler UnityShaderCompiler.exe after 0.04 seconds
Refreshing native plugins compatible for Editor in 1.77 ms, found 3 plugins.
Preloading 0 native plugins for Editor in 0.00 ms.
Unloading 38 Unused Serialized files (Serialized files now loaded: 0)
Unloading 3778 unused Assets / (1.0 MB). Loaded Objects now: 4401.
Memory consumption went from 126.7 MB to 125.7 MB.
Total: 11.266400 ms (FindLiveObjects: 0.656400 ms CreateObjectMapping: 0.285100 ms MarkObjects: 8.087500 ms  DeleteObjects: 2.236400 ms)

========================================================================
Received Import Request.
  Time since last request: 410768.920881 seconds.
  path: Assets/Epic Toon FX/Materials/Misc/Hearts/heart2broken_blue_AB.mat
  artifactKey: Guid(0323e5c264fd5ba4b9d4150af19059a8) Importer(815301076,1909f56bfc062723c751e8b465ee728b)
Start importing Assets/Epic Toon FX/Materials/Misc/Hearts/heart2broken_blue_AB.mat using Guid(0323e5c264fd5ba4b9d4150af19059a8) Importer(815301076,1909f56bfc062723c751e8b465ee728b) (PreviewImporter) -> (artifact id: '85654446ec10d8ea2a4ad5ae3442b770') in 0.1289007 seconds
Number of updated asset objects reloaded before import = 0Number of asset objects unloaded after import = 2

========================================================================
Received Import Request.
  Time since last request: 0.229605 seconds.
  path: Assets/TextMesh Pro/Examples & Extras/Fonts/Unity.ttf
  artifactKey: Guid(f4eec857a4fdf2f43be0e9f3d1a984e7) Importer(815301076,1909f56bfc062723c751e8b465ee728b)
Start importing Assets/TextMesh Pro/Examples & Extras/Fonts/Unity.ttf using Guid(f4eec857a4fdf2f43be0e9f3d1a984e7) Importer(815301076,1909f56bfc062723c751e8b465ee728b) (PreviewImporter) -> (artifact id: '8bb5425b20e626a68b3297f62767fa05') in 0.0370997 seconds
Number of updated asset objects reloaded before import = 0Number of asset objects unloaded after import = 4

========================================================================
Received Import Request.
  Time since last request: 0.000015 seconds.
  path: Assets/Epic Toon FX/Materials/Misc/Fire/fire_soft_AB.mat
  artifactKey: Guid(f527801e80dd0814a9d5d318dbd03d69) Importer(815301076,1909f56bfc062723c751e8b465ee728b)
Start importing Assets/Epic Toon FX/Materials/Misc/Fire/fire_soft_AB.mat using Guid(f527801e80dd0814a9d5d318dbd03d69) Importer(815301076,1909f56bfc062723c751e8b465ee728b) (PreviewImporter) -> (artifact id: '263e2377ad2aac5730b98931f6d9986f') in 0.0294249 seconds
Number of updated asset objects reloaded before import = 0Number of asset objects unloaded after import = 2

========================================================================
Received Import Request.
  Time since last request: 0.000015 seconds.
  path: Assets/Epic Toon FX/Materials/Misc/Fire/fire_soft_blank_ADD.mat
  artifactKey: Guid(9991708de0e9fac438dc04d0161723ec) Importer(815301076,1909f56bfc062723c751e8b465ee728b)
Start importing Assets/Epic Toon FX/Materials/Misc/Fire/fire_soft_blank_ADD.mat using Guid(9991708de0e9fac438dc04d0161723ec) Importer(815301076,1909f56bfc062723c751e8b465ee728b) (PreviewImporter) -> (artifact id: 'f68559f4e793adb94964d473fd89a7d2') in 0.015693 seconds
Number of updated asset objects reloaded before import = 0Number of asset objects unloaded after import = 2

========================================================================
Received Import Request.
  Time since last request: 0.000016 seconds.
  path: Assets/Epic Toon FX/Materials/Misc/Unsorted/feather_AB.mat
  artifactKey: Guid(9c06f7d2bce03ad45b125b8af7a59cc7) Importer(815301076,1909f56bfc062723c751e8b465ee728b)
Start importing Assets/Epic Toon FX/Materials/Misc/Unsorted/feather_AB.mat using Guid(9c06f7d2bce03ad45b125b8af7a59cc7) Importer(815301076,1909f56bfc062723c751e8b465ee728b) (PreviewImporter) -> (artifact id: 'd01ac440fb0d800af99835d053af4f93') in 0.0145775 seconds
Number of updated asset objects reloaded before import = 0Number of asset objects unloaded after import = 2

========================================================================
Received Import Request.
  Time since last request: 0.249324 seconds.
  path: Assets/Epic Toon FX/Materials/Misc/Emojis/em_sillysmile.mat
  artifactKey: Guid(26318b487133a7b4ca549dc011bead2b) Importer(815301076,1909f56bfc062723c751e8b465ee728b)
Start importing Assets/Epic Toon FX/Materials/Misc/Emojis/em_sillysmile.mat using Guid(26318b487133a7b4ca549dc011bead2b) Importer(815301076,1909f56bfc062723c751e8b465ee728b) (PreviewImporter) -> (artifact id: 'c93454095b7598f7c36e678a8a35ad70') in 0.0140944 seconds
Number of updated asset objects reloaded before import = 0Number of asset objects unloaded after import = 2

========================================================================
Received Import Request.
  Time since last request: 0.351937 seconds.
  path: Assets/Epic Toon FX/Materials/Misc/Emojis/em_kissyface.mat
  artifactKey: Guid(a3fc86cbfbd51e2428cb0d2db2cea325) Importer(815301076,1909f56bfc062723c751e8b465ee728b)
Start importing Assets/Epic Toon FX/Materials/Misc/Emojis/em_kissyface.mat using Guid(a3fc86cbfbd51e2428cb0d2db2cea325) Importer(815301076,1909f56bfc062723c751e8b465ee728b) (PreviewImporter) -> (artifact id: 'f060d0ba9eb90c886e9c8919f4ebe960') in 0.0151485 seconds
Number of updated asset objects reloaded before import = 0Number of asset objects unloaded after import = 2

========================================================================
Received Import Request.
  Time since last request: 0.030352 seconds.
  path: Assets/Epic Toon FX/Materials/Misc/Emojis/em_evil.mat
  artifactKey: Guid(152763eb1907b174c8269f2f3051011a) Importer(815301076,1909f56bfc062723c751e8b465ee728b)
Start importing Assets/Epic Toon FX/Materials/Misc/Emojis/em_evil.mat using Guid(152763eb1907b174c8269f2f3051011a) Importer(815301076,1909f56bfc062723c751e8b465ee728b) (PreviewImporter) -> (artifact id: 'e18c482d9408d6eeaf2e032c742bf107') in 0.0107337 seconds
Number of updated asset objects reloaded before import = 0Number of asset objects unloaded after import = 2

========================================================================
Received Import Request.
  Time since last request: 0.000019 seconds.
  path: Assets/Epic Toon FX/Materials/Misc/Emojis/em_blush.mat
  artifactKey: Guid(276e441aeac0a1d42887c329c488d906) Importer(815301076,1909f56bfc062723c751e8b465ee728b)
Start importing Assets/Epic Toon FX/Materials/Misc/Emojis/em_blush.mat using Guid(276e441aeac0a1d42887c329c488d906) Importer(815301076,1909f56bfc062723c751e8b465ee728b) (PreviewImporter) -> (artifact id: '2add3eedd33128bae11557ed1624ccd3') in 0.0106951 seconds
Number of updated asset objects reloaded before import = 0Number of asset objects unloaded after import = 2

========================================================================
Received Import Request.
  Time since last request: 0.310751 seconds.
  path: Assets/Epic Toon FX/Demo/Materials/dev_big.mat
  artifactKey: Guid(bcd2a1af41f54b744888194c97aa080b) Importer(815301076,1909f56bfc062723c751e8b465ee728b)
Start importing Assets/Epic Toon FX/Demo/Materials/dev_big.mat using Guid(bcd2a1af41f54b744888194c97aa080b) Importer(815301076,1909f56bfc062723c751e8b465ee728b) (PreviewImporter) -> (artifact id: 'c3545cfe4c031b5367291b43ee61d25d') in 0.0493738 seconds
Number of updated asset objects reloaded before import = 0Number of asset objects unloaded after import = 3

========================================================================
Received Import Request.
  Time since last request: 8.504906 seconds.
  path: Assets/Epic Toon FX/Materials/Misc/Powerups/PreColored/pwr_sym_pc_magnet_AB.mat
  artifactKey: Guid(11482009827ceb145bb13d2fb7365272) Importer(815301076,1909f56bfc062723c751e8b465ee728b)
Start importing Assets/Epic Toon FX/Materials/Misc/Powerups/PreColored/pwr_sym_pc_magnet_AB.mat using Guid(11482009827ceb145bb13d2fb7365272) Importer(815301076,1909f56bfc062723c751e8b465ee728b) (PreviewImporter) -> (artifact id: 'dc82f728107c3f73c84aa265eb29d0b2') in 0.0112684 seconds
Number of updated asset objects reloaded before import = 0Number of asset objects unloaded after import = 2

========================================================================
Received Import Request.
  Time since last request: 0.000015 seconds.
  path: Assets/Epic Toon FX/Materials/Misc/Powerups/VertexColor/pwr_sym_star_AB.mat
  artifactKey: Guid(2bb223c4b8f7a8b4a95952d5365d573a) Importer(815301076,1909f56bfc062723c751e8b465ee728b)
Start importing Assets/Epic Toon FX/Materials/Misc/Powerups/VertexColor/pwr_sym_star_AB.mat using Guid(2bb223c4b8f7a8b4a95952d5365d573a) Importer(815301076,1909f56bfc062723c751e8b465ee728b) (PreviewImporter) -> (artifact id: '828a4312e4c97c137806e4273529be75') in 0.0400872 seconds
Number of updated asset objects reloaded before import = 0Number of asset objects unloaded after import = 2

========================================================================
Received Import Request.
  Time since last request: 0.000016 seconds.
  path: Assets/TextMesh Pro/Examples & Extras/Resources/Fonts & Materials/Roboto-Bold SDF - HDRP Unlit.mat
  artifactKey: Guid(2ddca8f46aa0838419d568affb0ca6b4) Importer(815301076,1909f56bfc062723c751e8b465ee728b)
Start importing Assets/TextMesh Pro/Examples & Extras/Resources/Fonts & Materials/Roboto-Bold SDF - HDRP Unlit.mat using Guid(2ddca8f46aa0838419d568affb0ca6b4) Importer(815301076,1909f56bfc062723c751e8b465ee728b) (PreviewImporter) -> (artifact id: 'e1412c9010528f2e5c790737f11d5b9e') in 0.0478633 seconds
Number of updated asset objects reloaded before import = 0Number of asset objects unloaded after import = 3

========================================================================
Received Import Request.
  Time since last request: 0.000022 seconds.
  path: Assets/Epic Toon FX/Materials/Misc/Sword/slash01_ADD.mat
  artifactKey: Guid(f775ebfdf5b09fd4981b26faf9e1c586) Importer(815301076,1909f56bfc062723c751e8b465ee728b)
Start importing Assets/Epic Toon FX/Materials/Misc/Sword/slash01_ADD.mat using Guid(f775ebfdf5b09fd4981b26faf9e1c586) Importer(815301076,1909f56bfc062723c751e8b465ee728b) (PreviewImporter) -> (artifact id: '9f3a98683887a1cb94651e50bc8f1247') in 0.0485159 seconds
Number of updated asset objects reloaded before import = 0Number of asset objects unloaded after import = 2

========================================================================
Received Import Request.
  Time since last request: 0.000026 seconds.
  path: Assets/Epic Toon FX/Materials/Basics/rocketgradient_ADD.mat
  artifactKey: Guid(77821a7e4ac042a4687cd751a9d72e64) Importer(815301076,1909f56bfc062723c751e8b465ee728b)
Start importing Assets/Epic Toon FX/Materials/Basics/rocketgradient_ADD.mat using Guid(77821a7e4ac042a4687cd751a9d72e64) Importer(815301076,1909f56bfc062723c751e8b465ee728b) (PreviewImporter) -> (artifact id: '3a49c258cd3cece327c36f7a5e0ae4dd') in 0.0136325 seconds
Number of updated asset objects reloaded before import = 0Number of asset objects unloaded after import = 2

========================================================================
Received Import Request.
  Time since last request: 0.000016 seconds.
  path: Assets/Epic Toon FX/Materials/Misc/Powerups/PreColored/pwr_sym_pc_question_AB.mat
  artifactKey: Guid(28e2ed308d6b86e45ae4f677b91c102d) Importer(815301076,1909f56bfc062723c751e8b465ee728b)
Start importing Assets/Epic Toon FX/Materials/Misc/Powerups/PreColored/pwr_sym_pc_question_AB.mat using Guid(28e2ed308d6b86e45ae4f677b91c102d) Importer(815301076,1909f56bfc062723c751e8b465ee728b) (PreviewImporter) -> (artifact id: '8cc4ae8a06c8ab50f09990d838716682') in 0.0119713 seconds
Number of updated asset objects reloaded before import = 0Number of asset objects unloaded after import = 2

========================================================================
Received Import Request.
  Time since last request: 0.050625 seconds.
  path: Assets/Epic Toon FX/Materials/Misc/Sword/slash_circle01_AB.mat
  artifactKey: Guid(e9edc2d464bda70448a5f572f7c7d5be) Importer(815301076,1909f56bfc062723c751e8b465ee728b)
Start importing Assets/Epic Toon FX/Materials/Misc/Sword/slash_circle01_AB.mat using Guid(e9edc2d464bda70448a5f572f7c7d5be) Importer(815301076,1909f56bfc062723c751e8b465ee728b) (PreviewImporter) -> (artifact id: '861ec1556833c686013596fbd2361dd6') in 0.0110842 seconds
Number of updated asset objects reloaded before import = 0Number of asset objects unloaded after import = 2

Editor requested this worker to shutdown with reason: Scaling down because of idle timeout
AssetImportWorker is now disconnected from the server
Process exiting
Exiting without the bug reporter. Application will terminate with return code 0